+ module list -l
++ /usr/Modules/3.2.10/bin/modulecmd bash list -l
- Package -----------------------------+- Versions -+- Last mod. ------
Currently Loaded Modulefiles:
craype-haswell                                       2015/03/24 17:08:24
craype-network-infiniband                            2015/03/24 17:08:24
cudatoolkit/7.0.28                                   2015/11/11  8:34:25
mvapich2gdr_gnu/2.1_cuda_7.0                         2015/10/20 15:06:46
binutils/2.25                                        2015/11/02 16:45:51
GCC/4.9.3-binutils-2.25                              2015/11/02 17:02:06
cray-libsci_acc/3.3.0                                2015/10/06 14:51:04
MVAPICH2/2.2a-GCC-4.9.3-binutils-2.25                2015/11/04  8:21:38
OpenBLAS/0.2.13-GCC-4.9.3-binutils-2.25              2015/11/02 17:15:57
gmvapich2/15.11                                      2015/11/04  8:21:41
FFTW/3.3.4-gmvapich2-15.11                           2015/11/04 10:33:09
ScaLAPACK/2.0.2-gmvapich2-15.11-OpenBLA              2015/11/04 10:36:51
gmvolf/15.11                                         2015/11/04 10:36:51
bzip2/.1.0.6-gmvolf-15.11                            2015/11/04 10:55:08
zlib/.1.2.8-gmvolf-15.11                             2015/11/04 10:41:47
ncurses/.5.9-gmvolf-15.11                            2015/11/04 10:41:03
libreadline/.6.3-gmvolf-15.11                        2015/11/04 10:48:27
Tcl/.8.6.3-gmvolf-15.11                              2015/11/04 10:54:04
SQLite/.3.8.8.1-gmvolf-15.11                         2015/11/04 10:54:43
Python/2.7.10-gmvolf-15.11                           2015/11/04 11:10:01
Boost/1.49.0-gmvolf-15.11-Python-2.7.10              2015/11/04 12:35:09
+ eval
+ ldd
ldd: missing file arguments
Try `ldd --help' for more information.
+ export GCLOCK=875
+ GCLOCK=875
+ export CUDA_AUTO_BOOST=0
+ CUDA_AUTO_BOOST=0
+ export OMP_NUM_THREADS=1
+ OMP_NUM_THREADS=1
+ export MALLOC_MMAP_MAX_=0
+ MALLOC_MMAP_MAX_=0
+ export MALLOC_TRIM_THRESHOLD_=536870912
+ MALLOC_TRIM_THRESHOLD_=536870912
+ export G2G=1
+ G2G=1
+ export MV2_USE_GPUDIRECT=0
+ MV2_USE_GPUDIRECT=0
+ srun -n 32 bash ./wrap.sh
nvprof_file1
nvprof_file6
nvprof_file7
nvprof_file4
nvprof_file5
nvprof_file3
nvprof_file2
nvprof_file26
nvprof_file29
nvprof_file31
nvprof_file28
nvprof_file27
nvprof_file30
nvprof_file25
nvprof_file22
nvprof_file9
nvprof_file23
nvprof_file18
nvprof_file21
nvprof_file19
nvprof_file20
nvprof_file17
nvprof_file13
nvprof_file14
nvprof_file15
nvprof_file10
nvprof_file11
nvprof_file12
nvprof_file0
nvprof_file24
nvprof_file16
==67218== NVPROF is profiling process 67218, command: ../install/bin/StandaloneStencilsCUDA 128 128 80 --nostella --sync --nh 2
==67220== NVPROF is profiling process 67220, command: ../install/bin/StandaloneStencilsCUDA 128 128 80 --nostella --sync --nh 2
==67222== NVPROF is profiling process 67222, command: ../install/bin/StandaloneStencilsCUDA 128 128 80 --nostella --sync --nh 2
==67229== NVPROF is profiling process 67229, command: ../install/bin/StandaloneStencilsCUDA 128 128 80 --nostella --sync --nh 2
==67216== NVPROF is profiling process 67216, command: ../install/bin/StandaloneStencilsCUDA 128 128 80 --nostella --sync --nh 2
==67224== NVPROF is profiling process 67224, command: ../install/bin/StandaloneStencilsCUDA 128 128 80 --nostella --sync --nh 2
nvprof_file8
==67237== NVPROF is profiling process 67237, command: ../install/bin/StandaloneStencilsCUDA 128 128 80 --nostella --sync --nh 2
==67227== NVPROF is profiling process 67227, command: ../install/bin/StandaloneStencilsCUDA 128 128 80 --nostella --sync --nh 2
==74920== NVPROF is profiling process 74920, command: ../install/bin/StandaloneStencilsCUDA 128 128 80 --nostella --sync --nh 2
==74933== NVPROF is profiling process 74933, command: ../install/bin/StandaloneStencilsCUDA 128 128 80 --nostella --sync --nh 2
==74924== NVPROF is profiling process 74924, command: ../install/bin/StandaloneStencilsCUDA 128 128 80 --nostella --sync --nh 2
==74922== NVPROF is profiling process 74922, command: ../install/bin/StandaloneStencilsCUDA 128 128 80 --nostella --sync --nh 2
==74926== NVPROF is profiling process 74926, command: ../install/bin/StandaloneStencilsCUDA 128 128 80 --nostella --sync --nh 2
==74931== NVPROF is profiling process 74931, command: ../install/bin/StandaloneStencilsCUDA 128 128 80 --nostella --sync --nh 2
==74929== NVPROF is profiling process 74929, command: ../install/bin/StandaloneStencilsCUDA 128 128 80 --nostella --sync --nh 2
==74940== NVPROF is profiling process 74940, command: ../install/bin/StandaloneStencilsCUDA 128 128 80 --nostella --sync --nh 2
==12468== NVPROF is profiling process 12468, command: ../install/bin/StandaloneStencilsCUDA 128 128 80 --nostella --sync --nh 2
==12466== NVPROF is profiling process 12466, command: ../install/bin/StandaloneStencilsCUDA 128 128 80 --nostella --sync --nh 2
==12464== NVPROF is profiling process 12464, command: ../install/bin/StandaloneStencilsCUDA 128 128 80 --nostella --sync --nh 2
==12471== NVPROF is profiling process 12471, command: ../install/bin/StandaloneStencilsCUDA 128 128 80 --nostella --sync --nh 2
==12462== NVPROF is profiling process 12462, command: ../install/bin/StandaloneStencilsCUDA 128 128 80 --nostella --sync --nh 2
==12473== NVPROF is profiling process 12473, command: ../install/bin/StandaloneStencilsCUDA 128 128 80 --nostella --sync --nh 2
==12458== NVPROF is profiling process 12458, command: ../install/bin/StandaloneStencilsCUDA 128 128 80 --nostella --sync --nh 2
==12460== NVPROF is profiling process 12460, command: ../install/bin/StandaloneStencilsCUDA 128 128 80 --nostella --sync --nh 2
==108654== NVPROF is profiling process 108654, command: ../install/bin/StandaloneStencilsCUDA 128 128 80 --nostella --sync --nh 2
==108664== NVPROF is profiling process 108664, command: ../install/bin/StandaloneStencilsCUDA 128 128 80 --nostella --sync --nh 2
==108656== NVPROF is profiling process 108656, command: ../install/bin/StandaloneStencilsCUDA 128 128 80 --nostella --sync --nh 2
==108660== NVPROF is profiling process 108660, command: ../install/bin/StandaloneStencilsCUDA 128 128 80 --nostella --sync --nh 2
==108658== NVPROF is profiling process 108658, command: ../install/bin/StandaloneStencilsCUDA 128 128 80 --nostella --sync --nh 2
==108652== NVPROF is profiling process 108652, command: ../install/bin/StandaloneStencilsCUDA 128 128 80 --nostella --sync --nh 2
==108662== NVPROF is profiling process 108662, command: ../install/bin/StandaloneStencilsCUDA 128 128 80 --nostella --sync --nh 2
==108666== NVPROF is profiling process 108666, command: ../install/bin/StandaloneStencilsCUDA 128 128 80 --nostella --sync --nh 2
HP2CDycoreUnittest

usage: HP2CDycoreUnittest -p <dataPath>
../install/bin/StandaloneStencilsCUDA
128
128
80
--nostella
--sync
--nh
2
[==========] Running 1 test from 1 test case.
[----------] Global test environment set-up.
HP2CDycoreUnittest

usage: HP2CDycoreUnittest -p <dataPath>
../install/bin/StandaloneStencilsCUDA
128
128
80
--nostella
--sync
--nh
2
[==========] Running 1 test from 1 test case.
[----------] Global test environment set-up.
HP2CDycoreUnittest

usage: HP2CDycoreUnittest -p <dataPath>
../install/bin/StandaloneStencilsCUDA
128
128
80
--nostella
--sync
--nh
2
[==========] Running 1 test from 1 test case.
[----------] Global test environment set-up.
HP2CDycoreUnittest

usage: HP2CDycoreUnittest -p <dataPath>
../install/bin/StandaloneStencilsCUDA
128
128
80
--nostella
--sync
--nh
2
[==========] Running 1 test from 1 test case.
[----------] Global test environment set-up.
HP2CDycoreUnittest

usage: HP2CDycoreUnittest -p <dataPath>
../install/bin/StandaloneStencilsCUDA
128
128
80
--nostella
--sync
--nh
2
[==========] Running 1 test from 1 test case.
[----------] Global test environment set-up.
HP2CDycoreUnittest

usage: HP2CDycoreUnittest -p <dataPath>
../install/bin/StandaloneStencilsCUDA
128
128
80
--nostella
--sync
--nh
2
[==========] Running 1 test from 1 test case.
[----------] Global test environment set-up.
HP2CDycoreUnittest

usage: HP2CDycoreUnittest -p <dataPath>
../install/bin/StandaloneStencilsCUDA
128
128
80
--nostella
--sync
--nh
2
[==========] Running 1 test from 1 test case.
[----------] Global test environment set-up.
HP2CDycoreUnittest

usage: HP2CDycoreUnittest -p <dataPath>
../install/bin/StandaloneStencilsCUDA
128
128
80
--nostella
--sync
--nh
2
[==========] Running 1 test from 1 test case.
[----------] Global test environment set-up.
HP2CDycoreUnittest

usage: HP2CDycoreUnittest -p <dataPath>
../install/bin/StandaloneStencilsCUDA
128
128
80
--nostella
--sync
--nh
2
[==========] Running 1 test from 1 test case.
[----------] Global test environment set-up.
HP2CDycoreUnittest

usage: HP2CDycoreUnittest -p <dataPath>
../install/bin/StandaloneStencilsCUDA
128
128
80
--nostella
--sync
--nh
2
[==========] Running 1 test from 1 test case.
[----------] Global test environment set-up.
HP2CDycoreUnittest

usage: HP2CDycoreUnittest -p <dataPath>
../install/bin/StandaloneStencilsCUDA
128
128
80
--nostella
--sync
--nh
2
[==========] Running 1 test from 1 test case.
[----------] Global test environment set-up.
HP2CDycoreUnittest

usage: HP2CDycoreUnittest -p <dataPath>
../install/bin/StandaloneStencilsCUDA
128
128
80
--nostella
--sync
--nh
2
[==========] Running 1 test from 1 test case.
[----------] Global test environment set-up.
HP2CDycoreUnittest

usage: HP2CDycoreUnittest -p <dataPath>
../install/bin/StandaloneStencilsCUDA
128
128
80
--nostella
--sync
--nh
2
[==========] Running 1 test from 1 test case.
[----------] Global test environment set-up.
HP2CDycoreUnittest

usage: HP2CDycoreUnittest -p <dataPath>
../install/bin/StandaloneStencilsCUDA
128
128
80
--nostella
--sync
--nh
2
[==========] Running 1 test from 1 test case.
[----------] Global test environment set-up.
HP2CDycoreUnittest

usage: HP2CDycoreUnittest -p <dataPath>
../install/bin/StandaloneStencilsCUDA
128
128
80
--nostella
--sync
--nh
2
[==========] Running 1 test from 1 test case.
[----------] Global test environment set-up.
HP2CDycoreUnittest

usage: HP2CDycoreUnittest -p <dataPath>
../install/bin/StandaloneStencilsCUDA
128
128
80
--nostella
--sync
--nh
2
[==========] Running 1 test from 1 test case.
[----------] Global test environment set-up.
HP2CDycoreUnittest

usage: HP2CDycoreUnittest -p <dataPath>
../install/bin/StandaloneStencilsCUDA
128
128
80
--nostella
--sync
--nh
2
[==========] Running 1 test from 1 test case.
[----------] Global test environment set-up.
HP2CDycoreUnittest

usage: HP2CDycoreUnittest -p <dataPath>
../install/bin/StandaloneStencilsCUDA
128
128
80
--nostella
--sync
--nh
2
[==========] Running 1 test from 1 test case.
[----------] Global test environment set-up.
HP2CDycoreUnittest

usage: HP2CDycoreUnittest -p <dataPath>
../install/bin/StandaloneStencilsCUDA
128
128
80
--nostella
--sync
--nh
2
[==========] Running 1 test from 1 test case.
[----------] Global test environment set-up.
HP2CDycoreUnittest

usage: HP2CDycoreUnittest -p <dataPath>
../install/bin/StandaloneStencilsCUDA
128
128
80
--nostella
--sync
--nh
2
[==========] Running 1 test from 1 test case.
[----------] Global test environment set-up.
HP2CDycoreUnittest

usage: HP2CDycoreUnittest -p <dataPath>
../install/bin/StandaloneStencilsCUDA
128
128
80
--nostella
--sync
--nh
2
[==========] Running 1 test from 1 test case.
[----------] Global test environment set-up.
HP2CDycoreUnittest

usage: HP2CDycoreUnittest -p <dataPath>
../install/bin/StandaloneStencilsCUDA
128
128
80
--nostella
--sync
--nh
2
[==========] Running 1 test from 1 test case.
[----------] Global test environment set-up.
HP2CDycoreUnittest

usage: HP2CDycoreUnittest -p <dataPath>
../install/bin/StandaloneStencilsCUDA
128
128
80
--nostella
--sync
--nh
2
[==========] Running 1 test from 1 test case.
[----------] Global test environment set-up.
HP2CDycoreUnittest

usage: HP2CDycoreUnittest -p <dataPath>
../install/bin/StandaloneStencilsCUDA
128
128
80
--nostella
--sync
--nh
2
[==========] Running 1 test from 1 test case.
[----------] Global test environment set-up.
HP2CDycoreUnittest

usage: HP2CDycoreUnittest -p <dataPath>
../install/bin/StandaloneStencilsCUDA
128
128
80
--nostella
--sync
--nh
2
[==========] Running 1 test from 1 test case.
[----------] Global test environment set-up.
HP2CDycoreUnittest

usage: HP2CDycoreUnittest -p <dataPath>
../install/bin/StandaloneStencilsCUDA
128
128
80
--nostella
--sync
--nh
2
[==========] Running 1 test from 1 test case.
[----------] Global test environment set-up.
HP2CDycoreUnittest

usage: HP2CDycoreUnittest -p <dataPath>
../install/bin/StandaloneStencilsCUDA
128
128
80
--nostella
--sync
--nh
2
[==========] Running 1 test from 1 test case.
[----------] Global test environment set-up.
HP2CDycoreUnittest

usage: HP2CDycoreUnittest -p <dataPath>
../install/bin/StandaloneStencilsCUDA
128
128
80
--nostella
--sync
--nh
2
[==========] Running 1 test from 1 test case.
[----------] Global test environment set-up.
HP2CDycoreUnittest

usage: HP2CDycoreUnittest -p <dataPath>
../install/bin/StandaloneStencilsCUDA
128
128
80
--nostella
--sync
--nh
2
[==========] Running 1 test from 1 test case.
[----------] Global test environment set-up.
HP2CDycoreUnittest

usage: HP2CDycoreUnittest -p <dataPath>
../install/bin/StandaloneStencilsCUDA
128
128
80
--nostella
--sync
--nh
2
[==========] Running 1 test from 1 test case.
[----------] Global test environment set-up.
HP2CDycoreUnittest

usage: HP2CDycoreUnittest -p <dataPath>
../install/bin/StandaloneStencilsCUDA
128
128
80
--nostella
--sync
--nh
2
[==========] Running 1 test from 1 test case.
[----------] Global test environment set-up.
HP2CDycoreUnittest

usage: HP2CDycoreUnittest -p <dataPath>
../install/bin/StandaloneStencilsCUDA
128
128
80
--nostella
--sync
--nh
2
[==========] Running 1 test from 1 test case.
[----------] Global test environment set-up.
[----------] 1 test from HoriDiffBenchmark
[----------] 1 test from HoriDiffBenchmark
[----------] 1 test from HoriDiffBenchmark
[ RUN      ] HoriDiffBenchmark.SingleVar
[ RUN      ] HoriDiffBenchmark.SingleVar
[ RUN      ] HoriDiffBenchmark.SingleVar
[----------] 1 test from HoriDiffBenchmark
[----------] 1 test from HoriDiffBenchmark
[----------] 1 test from HoriDiffBenchmark
[----------] 1 test from HoriDiffBenchmark
[----------] 1 test from HoriDiffBenchmark
[----------] 1 test from HoriDiffBenchmark[----------] 1 test from HoriDiffBenchmark
[ RUN      ] HoriDiffBenchmark.SingleVar
[ RUN      ] HoriDiffBenchmark.SingleVar
[----------] 1 test from HoriDiffBenchmark

[ RUN      ] HoriDiffBenchmark.SingleVar
[ RUN      ] HoriDiffBenchmark.SingleVar
[----------] 1 test from HoriDiffBenchmark
[ RUN      ] HoriDiffBenchmark.SingleVar
[ RUN      ] HoriDiffBenchmark.SingleVar
[----------] 1 test from HoriDiffBenchmark
[----------] 1 test from HoriDiffBenchmark
[ RUN      ] HoriDiffBenchmark.SingleVar
[----------] 1 test from HoriDiffBenchmark
[----------] 1 test from HoriDiffBenchmark
[ RUN      ] HoriDiffBenchmark.SingleVar
[ RUN      ] HoriDiffBenchmark.SingleVar
[ RUN      ] HoriDiffBenchmark.SingleVar
[----------] 1 test from HoriDiffBenchmark
[----------] 1 test from HoriDiffBenchmark
[ RUN      ] HoriDiffBenchmark.SingleVar
[----------] 1 test from HoriDiffBenchmark
[ RUN      ] HoriDiffBenchmark.SingleVar
[ RUN      ] HoriDiffBenchmark.SingleVar
[----------] 1 test from HoriDiffBenchmark
[ RUN      ] HoriDiffBenchmark.SingleVar
[ RUN      ] HoriDiffBenchmark.SingleVar
[ RUN      ] HoriDiffBenchmark.SingleVar
[----------] 1 test from HoriDiffBenchmark
[ RUN      ] HoriDiffBenchmark.SingleVar
[----------] 1 test from HoriDiffBenchmark[----------] 1 test from HoriDiffBenchmark

[ RUN      ] HoriDiffBenchmark.SingleVar
[ RUN      ] HoriDiffBenchmark.SingleVar
[ RUN      ] HoriDiffBenchmark.SingleVar
[----------] 1 test from HoriDiffBenchmark
[----------] 1 test from HoriDiffBenchmark[----------] 1 test from HoriDiffBenchmark
[----------] 1 test from HoriDiffBenchmark
[----------] 1 test from HoriDiffBenchmark

[----------] 1 test from HoriDiffBenchmark
[ RUN      ] HoriDiffBenchmark.SingleVar
[ RUN      ] HoriDiffBenchmark.SingleVar
[ RUN      ] HoriDiffBenchmark.SingleVar
[ RUN      ] HoriDiffBenchmark.SingleVar
[ RUN      ] HoriDiffBenchmark.SingleVar
[----------] 1 test from HoriDiffBenchmark
[ RUN      ] HoriDiffBenchmark.SingleVar
[ RUN      ] HoriDiffBenchmark.SingleVar
[----------] 1 test from HoriDiffBenchmark
[ RUN      ] HoriDiffBenchmark.SingleVar
[----------] 1 test from HoriDiffBenchmark
[ RUN      ] HoriDiffBenchmark.SingleVar
[keschcn-0002:mpi_rank_0][error_sighandler] Caught error: Segmentation fault (signal 11)
==67237== Generated result file: /scratch-shared/mch/scratch/cosuna/hori_diff_tests/tests/nvprof_file0
======== Error: Application received signal 139
srun: error: keschcn-0002: task 0: Exited with exit code 15
srun: Terminating job step 193446.0
slurmstepd: *** STEP 193446.0 ON keschcn-0002 CANCELLED AT 2016-01-07T13:38:13 ***
srun: Job step aborted: Waiting up to 32 seconds for job step to finish.
srun: error: keschcn-0002: tasks 1-7: Killed
srun: error: keschcn-0003: tasks 8-15: Killed
srun: error: keschcn-0004: tasks 16-23: Killed
srun: error: keschcn-0005: tasks 24-31: Killed
